== Sinatra (v2.2.1) has taken the stage on 4567 for development with backup from Thin
2022-08-23 05:46:19 +0000 Thin web server (v1.8.1 codename Infinite Smoothie)
2022-08-23 05:46:19 +0000 Maximum connections set to 1024
2022-08-23 05:46:19 +0000 Listening on 0.0.0.0:4567, CTRL+C to stop
2022-08-23 05:46:24 - PG::ConnectionBad - FATAL:  database "gis" does not exist
:
	/usr/local/bundle/gems/pg-1.4.2/lib/pg/connection.rb:598:in `async_connect_or_reset'
	/usr/local/bundle/gems/pg-1.4.2/lib/pg/connection.rb:750:in `connect_internal'
	/usr/local/bundle/gems/pg-1.4.2/lib/pg/connection.rb:726:in `block (2 levels) in connect_to_hosts'
	/usr/local/bundle/gems/pg-1.4.2/lib/pg/connection.rb:724:in `each'
	/usr/local/bundle/gems/pg-1.4.2/lib/pg/connection.rb:724:in `block in connect_to_hosts'
	/usr/local/bundle/gems/pg-1.4.2/lib/pg/connection.rb:710:in `each'
	/usr/local/bundle/gems/pg-1.4.2/lib/pg/connection.rb:710:in `each_with_index'
	/usr/local/bundle/gems/pg-1.4.2/lib/pg/connection.rb:710:in `connect_to_hosts'
	/usr/local/bundle/gems/pg-1.4.2/lib/pg/connection.rb:661:in `new'
	./test-upload.rb:51:in `get_cwt_amp'
	./test-upload.rb:214:in `block in <main>'
	/usr/local/bundle/gems/sinatra-2.2.2/lib/sinatra/base.rb:1686:in `call'
	/usr/local/bundle/gems/sinatra-2.2.2/lib/sinatra/base.rb:1686:in `block in compile!'
	/usr/local/bundle/gems/sinatra-2.2.2/lib/sinatra/base.rb:1023:in `block (3 levels) in route!'
	/usr/local/bundle/gems/sinatra-2.2.2/lib/sinatra/base.rb:1042:in `route_eval'
	/usr/local/bundle/gems/sinatra-2.2.2/lib/sinatra/base.rb:1023:in `block (2 levels) in route!'
	/usr/local/bundle/gems/sinatra-2.2.2/lib/sinatra/base.rb:1071:in `block in process_route'
	/usr/local/bundle/gems/sinatra-2.2.2/lib/sinatra/base.rb:1069:in `catch'
	/usr/local/bundle/gems/sinatra-2.2.2/lib/sinatra/base.rb:1069:in `process_route'
	/usr/local/bundle/gems/sinatra-2.2.2/lib/sinatra/base.rb:1021:in `block in route!'
	/usr/local/bundle/gems/sinatra-2.2.2/lib/sinatra/base.rb:1018:in `each'
	/usr/local/bundle/gems/sinatra-2.2.2/lib/sinatra/base.rb:1018:in `route!'
	/usr/local/bundle/gems/sinatra-2.2.2/lib/sinatra/base.rb:1140:in `block in dispatch!'
	/usr/local/bundle/gems/sinatra-2.2.2/lib/sinatra/base.rb:1112:in `block in invoke'
	/usr/local/bundle/gems/sinatra-2.2.2/lib/sinatra/base.rb:1112:in `catch'
	/usr/local/bundle/gems/sinatra-2.2.2/lib/sinatra/base.rb:1112:in `invoke'
	/usr/local/bundle/gems/sinatra-2.2.2/lib/sinatra/base.rb:1135:in `dispatch!'
	/usr/local/bundle/gems/sinatra-2.2.2/lib/sinatra/base.rb:949:in `block in call!'
	/usr/local/bundle/gems/sinatra-2.2.2/lib/sinatra/base.rb:1112:in `block in invoke'
	/usr/local/bundle/gems/sinatra-2.2.2/lib/sinatra/base.rb:1112:in `catch'
	/usr/local/bundle/gems/sinatra-2.2.2/lib/sinatra/base.rb:1112:in `invoke'
	/usr/local/bundle/gems/sinatra-2.2.2/lib/sinatra/base.rb:949:in `call!'
	/usr/local/bundle/gems/sinatra-2.2.2/lib/sinatra/base.rb:938:in `call'
	/usr/local/bundle/gems/rack-protection-2.2.2/lib/rack/protection/xss_header.rb:18:in `call'
	/usr/local/bundle/gems/rack-protection-2.2.2/lib/rack/protection/path_traversal.rb:16:in `call'
	/usr/local/bundle/gems/rack-protection-2.2.2/lib/rack/protection/json_csrf.rb:26:in `call'
	/usr/local/bundle/gems/rack-protection-2.2.2/lib/rack/protection/base.rb:50:in `call'
	/usr/local/bundle/gems/rack-protection-2.2.2/lib/rack/protection/base.rb:50:in `call'
	/usr/local/bundle/gems/rack-protection-2.2.2/lib/rack/protection/frame_options.rb:31:in `call'
	/usr/local/bundle/gems/rack-2.2.4/lib/rack/logger.rb:17:in `call'
	/usr/local/bundle/gems/rack-2.2.4/lib/rack/common_logger.rb:38:in `call'
	/usr/local/bundle/gems/sinatra-2.2.2/lib/sinatra/base.rb:255:in `call'
	/usr/local/bundle/gems/sinatra-2.2.2/lib/sinatra/base.rb:248:in `call'
	/usr/local/bundle/gems/rack-2.2.4/lib/rack/head.rb:12:in `call'
	/usr/local/bundle/gems/rack-2.2.4/lib/rack/method_override.rb:24:in `call'
	/usr/local/bundle/gems/sinatra-2.2.2/lib/sinatra/show_exceptions.rb:22:in `call'
	/usr/local/bundle/gems/sinatra-2.2.2/lib/sinatra/base.rb:218:in `call'
	/usr/local/bundle/gems/sinatra-2.2.2/lib/sinatra/base.rb:1993:in `call'
	/usr/local/bundle/gems/sinatra-2.2.2/lib/sinatra/base.rb:1553:in `block in call'
	/usr/local/bundle/gems/sinatra-2.2.2/lib/sinatra/base.rb:1769:in `synchronize'
	/usr/local/bundle/gems/sinatra-2.2.2/lib/sinatra/base.rb:1553:in `call'
	/usr/local/bundle/gems/thin-1.8.1/lib/thin/connection.rb:86:in `block in pre_process'
	/usr/local/bundle/gems/thin-1.8.1/lib/thin/connection.rb:84:in `catch'
	/usr/local/bundle/gems/thin-1.8.1/lib/thin/connection.rb:84:in `pre_process'
	/usr/local/bundle/gems/thin-1.8.1/lib/thin/connection.rb:50:in `block in process'
	/usr/local/bundle/gems/eventmachine-1.2.7/lib/eventmachine.rb:1077:in `block in spawn_threadpool'
2022-08-23 05:49:02 - PG::ConnectionBad - FATAL:  database "gis" does not exist
:
	/usr/local/bundle/gems/pg-1.4.2/lib/pg/connection.rb:598:in `async_connect_or_reset'
	/usr/local/bundle/gems/pg-1.4.2/lib/pg/connection.rb:750:in `connect_internal'
	/usr/local/bundle/gems/pg-1.4.2/lib/pg/connection.rb:726:in `block (2 levels) in connect_to_hosts'
	/usr/local/bundle/gems/pg-1.4.2/lib/pg/connection.rb:724:in `each'
	/usr/local/bundle/gems/pg-1.4.2/lib/pg/connection.rb:724:in `block in connect_to_hosts'
	/usr/local/bundle/gems/pg-1.4.2/lib/pg/connection.rb:710:in `each'
	/usr/local/bundle/gems/pg-1.4.2/lib/pg/connection.rb:710:in `each_with_index'
	/usr/local/bundle/gems/pg-1.4.2/lib/pg/connection.rb:710:in `connect_to_hosts'
	/usr/local/bundle/gems/pg-1.4.2/lib/pg/connection.rb:661:in `new'
	./test-upload.rb:51:in `get_cwt_amp'
	./test-upload.rb:214:in `block in <main>'
	/usr/local/bundle/gems/sinatra-2.2.2/lib/sinatra/base.rb:1686:in `call'
	/usr/local/bundle/gems/sinatra-2.2.2/lib/sinatra/base.rb:1686:in `block in compile!'
	/usr/local/bundle/gems/sinatra-2.2.2/lib/sinatra/base.rb:1023:in `block (3 levels) in route!'
	/usr/local/bundle/gems/sinatra-2.2.2/lib/sinatra/base.rb:1042:in `route_eval'
	/usr/local/bundle/gems/sinatra-2.2.2/lib/sinatra/base.rb:1023:in `block (2 levels) in route!'
	/usr/local/bundle/gems/sinatra-2.2.2/lib/sinatra/base.rb:1071:in `block in process_route'
	/usr/local/bundle/gems/sinatra-2.2.2/lib/sinatra/base.rb:1069:in `catch'
	/usr/local/bundle/gems/sinatra-2.2.2/lib/sinatra/base.rb:1069:in `process_route'
	/usr/local/bundle/gems/sinatra-2.2.2/lib/sinatra/base.rb:1021:in `block in route!'
	/usr/local/bundle/gems/sinatra-2.2.2/lib/sinatra/base.rb:1018:in `each'
	/usr/local/bundle/gems/sinatra-2.2.2/lib/sinatra/base.rb:1018:in `route!'
	/usr/local/bundle/gems/sinatra-2.2.2/lib/sinatra/base.rb:1140:in `block in dispatch!'
	/usr/local/bundle/gems/sinatra-2.2.2/lib/sinatra/base.rb:1112:in `block in invoke'
	/usr/local/bundle/gems/sinatra-2.2.2/lib/sinatra/base.rb:1112:in `catch'
	/usr/local/bundle/gems/sinatra-2.2.2/lib/sinatra/base.rb:1112:in `invoke'
	/usr/local/bundle/gems/sinatra-2.2.2/lib/sinatra/base.rb:1135:in `dispatch!'
	/usr/local/bundle/gems/sinatra-2.2.2/lib/sinatra/base.rb:949:in `block in call!'
	/usr/local/bundle/gems/sinatra-2.2.2/lib/sinatra/base.rb:1112:in `block in invoke'
	/usr/local/bundle/gems/sinatra-2.2.2/lib/sinatra/base.rb:1112:in `catch'
	/usr/local/bundle/gems/sinatra-2.2.2/lib/sinatra/base.rb:1112:in `invoke'
	/usr/local/bundle/gems/sinatra-2.2.2/lib/sinatra/base.rb:949:in `call!'
	/usr/local/bundle/gems/sinatra-2.2.2/lib/sinatra/base.rb:938:in `call'
	/usr/local/bundle/gems/rack-protection-2.2.2/lib/rack/protection/xss_header.rb:18:in `call'
	/usr/local/bundle/gems/rack-protection-2.2.2/lib/rack/protection/path_traversal.rb:16:in `call'
	/usr/local/bundle/gems/rack-protection-2.2.2/lib/rack/protection/json_csrf.rb:26:in `call'
	/usr/local/bundle/gems/rack-protection-2.2.2/lib/rack/protection/base.rb:50:in `call'
	/usr/local/bundle/gems/rack-protection-2.2.2/lib/rack/protection/base.rb:50:in `call'
	/usr/local/bundle/gems/rack-protection-2.2.2/lib/rack/protection/frame_options.rb:31:in `call'
	/usr/local/bundle/gems/rack-2.2.4/lib/rack/logger.rb:17:in `call'
	/usr/local/bundle/gems/rack-2.2.4/lib/rack/common_logger.rb:38:in `call'
	/usr/local/bundle/gems/sinatra-2.2.2/lib/sinatra/base.rb:255:in `call'
	/usr/local/bundle/gems/sinatra-2.2.2/lib/sinatra/base.rb:248:in `call'
	/usr/local/bundle/gems/rack-2.2.4/lib/rack/head.rb:12:in `call'
	/usr/local/bundle/gems/rack-2.2.4/lib/rack/method_override.rb:24:in `call'
	/usr/local/bundle/gems/sinatra-2.2.2/lib/sinatra/show_exceptions.rb:22:in `call'
	/usr/local/bundle/gems/sinatra-2.2.2/lib/sinatra/base.rb:218:in `call'
	/usr/local/bundle/gems/sinatra-2.2.2/lib/sinatra/base.rb:1993:in `call'
	/usr/local/bundle/gems/sinatra-2.2.2/lib/sinatra/base.rb:1553:in `block in call'
	/usr/local/bundle/gems/sinatra-2.2.2/lib/sinatra/base.rb:1769:in `synchronize'
	/usr/local/bundle/gems/sinatra-2.2.2/lib/sinatra/base.rb:1553:in `call'
	/usr/local/bundle/gems/thin-1.8.1/lib/thin/connection.rb:86:in `block in pre_process'
	/usr/local/bundle/gems/thin-1.8.1/lib/thin/connection.rb:84:in `catch'
	/usr/local/bundle/gems/thin-1.8.1/lib/thin/connection.rb:84:in `pre_process'
	/usr/local/bundle/gems/thin-1.8.1/lib/thin/connection.rb:50:in `block in process'
	/usr/local/bundle/gems/eventmachine-1.2.7/lib/eventmachine.rb:1077:in `block in spawn_threadpool'
49.229.120.128 - - [23/Aug/2022:05:49:03 +0000] "GET /__sinatra__/500.png HTTP/1.1" 200 24378 0.0474
49.229.120.128 - - [23/Aug/2022:05:49:04 +0000] "GET /favicon.ico HTTP/1.1" 404 477 0.0013
== Sinatra (v2.2.1) has taken the stage on 4567 for development with backup from Thin
2022-08-23 05:49:42 +0000 Thin web server (v1.8.1 codename Infinite Smoothie)
2022-08-23 05:49:42 +0000 Maximum connections set to 1024
2022-08-23 05:49:42 +0000 Listening on 0.0.0.0:4567, CTRL+C to stop
2022-08-23 05:49:49 - PG::UndefinedTable - ERROR:  relation "ccaatt" does not exist
LINE 1: SELECT DISTINCT changwat,amphoe FROM ccaatt WHERE cc='80' an...
                                             ^
:
	./test-upload.rb:54:in `exec'
	./test-upload.rb:54:in `get_cwt_amp'
	./test-upload.rb:214:in `block in <main>'
	/usr/local/bundle/gems/sinatra-2.2.2/lib/sinatra/base.rb:1686:in `call'
	/usr/local/bundle/gems/sinatra-2.2.2/lib/sinatra/base.rb:1686:in `block in compile!'
	/usr/local/bundle/gems/sinatra-2.2.2/lib/sinatra/base.rb:1023:in `block (3 levels) in route!'
	/usr/local/bundle/gems/sinatra-2.2.2/lib/sinatra/base.rb:1042:in `route_eval'
	/usr/local/bundle/gems/sinatra-2.2.2/lib/sinatra/base.rb:1023:in `block (2 levels) in route!'
	/usr/local/bundle/gems/sinatra-2.2.2/lib/sinatra/base.rb:1071:in `block in process_route'
	/usr/local/bundle/gems/sinatra-2.2.2/lib/sinatra/base.rb:1069:in `catch'
	/usr/local/bundle/gems/sinatra-2.2.2/lib/sinatra/base.rb:1069:in `process_route'
	/usr/local/bundle/gems/sinatra-2.2.2/lib/sinatra/base.rb:1021:in `block in route!'
	/usr/local/bundle/gems/sinatra-2.2.2/lib/sinatra/base.rb:1018:in `each'
	/usr/local/bundle/gems/sinatra-2.2.2/lib/sinatra/base.rb:1018:in `route!'
	/usr/local/bundle/gems/sinatra-2.2.2/lib/sinatra/base.rb:1140:in `block in dispatch!'
	/usr/local/bundle/gems/sinatra-2.2.2/lib/sinatra/base.rb:1112:in `block in invoke'
	/usr/local/bundle/gems/sinatra-2.2.2/lib/sinatra/base.rb:1112:in `catch'
	/usr/local/bundle/gems/sinatra-2.2.2/lib/sinatra/base.rb:1112:in `invoke'
	/usr/local/bundle/gems/sinatra-2.2.2/lib/sinatra/base.rb:1135:in `dispatch!'
	/usr/local/bundle/gems/sinatra-2.2.2/lib/sinatra/base.rb:949:in `block in call!'
	/usr/local/bundle/gems/sinatra-2.2.2/lib/sinatra/base.rb:1112:in `block in invoke'
	/usr/local/bundle/gems/sinatra-2.2.2/lib/sinatra/base.rb:1112:in `catch'
	/usr/local/bundle/gems/sinatra-2.2.2/lib/sinatra/base.rb:1112:in `invoke'
	/usr/local/bundle/gems/sinatra-2.2.2/lib/sinatra/base.rb:949:in `call!'
	/usr/local/bundle/gems/sinatra-2.2.2/lib/sinatra/base.rb:938:in `call'
	/usr/local/bundle/gems/rack-protection-2.2.2/lib/rack/protection/xss_header.rb:18:in `call'
	/usr/local/bundle/gems/rack-protection-2.2.2/lib/rack/protection/path_traversal.rb:16:in `call'
	/usr/local/bundle/gems/rack-protection-2.2.2/lib/rack/protection/json_csrf.rb:26:in `call'
	/usr/local/bundle/gems/rack-protection-2.2.2/lib/rack/protection/base.rb:50:in `call'
	/usr/local/bundle/gems/rack-protection-2.2.2/lib/rack/protection/base.rb:50:in `call'
	/usr/local/bundle/gems/rack-protection-2.2.2/lib/rack/protection/frame_options.rb:31:in `call'
	/usr/local/bundle/gems/rack-2.2.4/lib/rack/logger.rb:17:in `call'
	/usr/local/bundle/gems/rack-2.2.4/lib/rack/common_logger.rb:38:in `call'
	/usr/local/bundle/gems/sinatra-2.2.2/lib/sinatra/base.rb:255:in `call'
	/usr/local/bundle/gems/sinatra-2.2.2/lib/sinatra/base.rb:248:in `call'
	/usr/local/bundle/gems/rack-2.2.4/lib/rack/head.rb:12:in `call'
	/usr/local/bundle/gems/rack-2.2.4/lib/rack/method_override.rb:24:in `call'
	/usr/local/bundle/gems/sinatra-2.2.2/lib/sinatra/show_exceptions.rb:22:in `call'
	/usr/local/bundle/gems/sinatra-2.2.2/lib/sinatra/base.rb:218:in `call'
	/usr/local/bundle/gems/sinatra-2.2.2/lib/sinatra/base.rb:1993:in `call'
	/usr/local/bundle/gems/sinatra-2.2.2/lib/sinatra/base.rb:1553:in `block in call'
	/usr/local/bundle/gems/sinatra-2.2.2/lib/sinatra/base.rb:1769:in `synchronize'
	/usr/local/bundle/gems/sinatra-2.2.2/lib/sinatra/base.rb:1553:in `call'
	/usr/local/bundle/gems/thin-1.8.1/lib/thin/connection.rb:86:in `block in pre_process'
	/usr/local/bundle/gems/thin-1.8.1/lib/thin/connection.rb:84:in `catch'
	/usr/local/bundle/gems/thin-1.8.1/lib/thin/connection.rb:84:in `pre_process'
	/usr/local/bundle/gems/thin-1.8.1/lib/thin/connection.rb:50:in `block in process'
	/usr/local/bundle/gems/eventmachine-1.2.7/lib/eventmachine.rb:1077:in `block in spawn_threadpool'
2022-08-23 05:51:56 - PG::UndefinedTable - ERROR:  relation "dop_offices_65" does not exist
LINE 1: SELECT * FROM dop_offices_65 WHERE office_name LIKE '%นครศรี...
                      ^
:
	./test-upload.rb:65:in `exec'
	./test-upload.rb:65:in `get_office'
	./test-upload.rb:220:in `block in <main>'
	/usr/local/bundle/gems/sinatra-2.2.2/lib/sinatra/base.rb:1686:in `call'
	/usr/local/bundle/gems/sinatra-2.2.2/lib/sinatra/base.rb:1686:in `block in compile!'
	/usr/local/bundle/gems/sinatra-2.2.2/lib/sinatra/base.rb:1023:in `block (3 levels) in route!'
	/usr/local/bundle/gems/sinatra-2.2.2/lib/sinatra/base.rb:1042:in `route_eval'
	/usr/local/bundle/gems/sinatra-2.2.2/lib/sinatra/base.rb:1023:in `block (2 levels) in route!'
	/usr/local/bundle/gems/sinatra-2.2.2/lib/sinatra/base.rb:1071:in `block in process_route'
	/usr/local/bundle/gems/sinatra-2.2.2/lib/sinatra/base.rb:1069:in `catch'
	/usr/local/bundle/gems/sinatra-2.2.2/lib/sinatra/base.rb:1069:in `process_route'
	/usr/local/bundle/gems/sinatra-2.2.2/lib/sinatra/base.rb:1021:in `block in route!'
	/usr/local/bundle/gems/sinatra-2.2.2/lib/sinatra/base.rb:1018:in `each'
	/usr/local/bundle/gems/sinatra-2.2.2/lib/sinatra/base.rb:1018:in `route!'
	/usr/local/bundle/gems/sinatra-2.2.2/lib/sinatra/base.rb:1140:in `block in dispatch!'
	/usr/local/bundle/gems/sinatra-2.2.2/lib/sinatra/base.rb:1112:in `block in invoke'
	/usr/local/bundle/gems/sinatra-2.2.2/lib/sinatra/base.rb:1112:in `catch'
	/usr/local/bundle/gems/sinatra-2.2.2/lib/sinatra/base.rb:1112:in `invoke'
	/usr/local/bundle/gems/sinatra-2.2.2/lib/sinatra/base.rb:1135:in `dispatch!'
	/usr/local/bundle/gems/sinatra-2.2.2/lib/sinatra/base.rb:949:in `block in call!'
	/usr/local/bundle/gems/sinatra-2.2.2/lib/sinatra/base.rb:1112:in `block in invoke'
	/usr/local/bundle/gems/sinatra-2.2.2/lib/sinatra/base.rb:1112:in `catch'
	/usr/local/bundle/gems/sinatra-2.2.2/lib/sinatra/base.rb:1112:in `invoke'
	/usr/local/bundle/gems/sinatra-2.2.2/lib/sinatra/base.rb:949:in `call!'
	/usr/local/bundle/gems/sinatra-2.2.2/lib/sinatra/base.rb:938:in `call'
	/usr/local/bundle/gems/rack-protection-2.2.2/lib/rack/protection/xss_header.rb:18:in `call'
	/usr/local/bundle/gems/rack-protection-2.2.2/lib/rack/protection/path_traversal.rb:16:in `call'
	/usr/local/bundle/gems/rack-protection-2.2.2/lib/rack/protection/json_csrf.rb:26:in `call'
	/usr/local/bundle/gems/rack-protection-2.2.2/lib/rack/protection/base.rb:50:in `call'
	/usr/local/bundle/gems/rack-protection-2.2.2/lib/rack/protection/base.rb:50:in `call'
	/usr/local/bundle/gems/rack-protection-2.2.2/lib/rack/protection/frame_options.rb:31:in `call'
	/usr/local/bundle/gems/rack-2.2.4/lib/rack/logger.rb:17:in `call'
	/usr/local/bundle/gems/rack-2.2.4/lib/rack/common_logger.rb:38:in `call'
	/usr/local/bundle/gems/sinatra-2.2.2/lib/sinatra/base.rb:255:in `call'
	/usr/local/bundle/gems/sinatra-2.2.2/lib/sinatra/base.rb:248:in `call'
	/usr/local/bundle/gems/rack-2.2.4/lib/rack/head.rb:12:in `call'
	/usr/local/bundle/gems/rack-2.2.4/lib/rack/method_override.rb:24:in `call'
	/usr/local/bundle/gems/sinatra-2.2.2/lib/sinatra/show_exceptions.rb:22:in `call'
	/usr/local/bundle/gems/sinatra-2.2.2/lib/sinatra/base.rb:218:in `call'
	/usr/local/bundle/gems/sinatra-2.2.2/lib/sinatra/base.rb:1993:in `call'
	/usr/local/bundle/gems/sinatra-2.2.2/lib/sinatra/base.rb:1553:in `block in call'
	/usr/local/bundle/gems/sinatra-2.2.2/lib/sinatra/base.rb:1769:in `synchronize'
	/usr/local/bundle/gems/sinatra-2.2.2/lib/sinatra/base.rb:1553:in `call'
	/usr/local/bundle/gems/thin-1.8.1/lib/thin/connection.rb:86:in `block in pre_process'
	/usr/local/bundle/gems/thin-1.8.1/lib/thin/connection.rb:84:in `catch'
	/usr/local/bundle/gems/thin-1.8.1/lib/thin/connection.rb:84:in `pre_process'
	/usr/local/bundle/gems/thin-1.8.1/lib/thin/connection.rb:50:in `block in process'
	/usr/local/bundle/gems/eventmachine-1.2.7/lib/eventmachine.rb:1077:in `block in spawn_threadpool'
49.229.120.128 - - [23/Aug/2022:05:51:56 +0000] "GET /__sinatra__/500.png HTTP/1.1" 200 24378 0.0056
49.229.120.128 - - [23/Aug/2022:05:51:57 +0000] "GET /favicon.ico HTTP/1.1" 404 477 0.0009
2022-08-23 05:53:35 - ArgumentError - comparison of Hash with Hash failed:
	/opt/SINATRA/views/report.erb:27:in `sort_by'
	/opt/SINATRA/views/report.erb:27:in `__tilt_1300'
	/usr/local/bundle/gems/tilt-2.0.11/lib/tilt/template.rb:181:in `call'
	/usr/local/bundle/gems/tilt-2.0.11/lib/tilt/template.rb:181:in `evaluate'
	/usr/local/bundle/gems/tilt-2.0.11/lib/tilt/template.rb:109:in `render'
	/usr/local/bundle/gems/sinatra-2.2.2/lib/sinatra/base.rb:856:in `render'
	/usr/local/bundle/gems/sinatra-2.2.2/lib/sinatra/base.rb:704:in `erb'
	./test-upload.rb:339:in `block in <main>'
	/usr/local/bundle/gems/sinatra-2.2.2/lib/sinatra/base.rb:1686:in `call'
	/usr/local/bundle/gems/sinatra-2.2.2/lib/sinatra/base.rb:1686:in `block in compile!'
	/usr/local/bundle/gems/sinatra-2.2.2/lib/sinatra/base.rb:1023:in `block (3 levels) in route!'
	/usr/local/bundle/gems/sinatra-2.2.2/lib/sinatra/base.rb:1042:in `route_eval'
	/usr/local/bundle/gems/sinatra-2.2.2/lib/sinatra/base.rb:1023:in `block (2 levels) in route!'
	/usr/local/bundle/gems/sinatra-2.2.2/lib/sinatra/base.rb:1071:in `block in process_route'
	/usr/local/bundle/gems/sinatra-2.2.2/lib/sinatra/base.rb:1069:in `catch'
	/usr/local/bundle/gems/sinatra-2.2.2/lib/sinatra/base.rb:1069:in `process_route'
	/usr/local/bundle/gems/sinatra-2.2.2/lib/sinatra/base.rb:1021:in `block in route!'
	/usr/local/bundle/gems/sinatra-2.2.2/lib/sinatra/base.rb:1018:in `each'
	/usr/local/bundle/gems/sinatra-2.2.2/lib/sinatra/base.rb:1018:in `route!'
	/usr/local/bundle/gems/sinatra-2.2.2/lib/sinatra/base.rb:1140:in `block in dispatch!'
	/usr/local/bundle/gems/sinatra-2.2.2/lib/sinatra/base.rb:1112:in `block in invoke'
	/usr/local/bundle/gems/sinatra-2.2.2/lib/sinatra/base.rb:1112:in `catch'
	/usr/local/bundle/gems/sinatra-2.2.2/lib/sinatra/base.rb:1112:in `invoke'
	/usr/local/bundle/gems/sinatra-2.2.2/lib/sinatra/base.rb:1135:in `dispatch!'
	/usr/local/bundle/gems/sinatra-2.2.2/lib/sinatra/base.rb:949:in `block in call!'
	/usr/local/bundle/gems/sinatra-2.2.2/lib/sinatra/base.rb:1112:in `block in invoke'
	/usr/local/bundle/gems/sinatra-2.2.2/lib/sinatra/base.rb:1112:in `catch'
	/usr/local/bundle/gems/sinatra-2.2.2/lib/sinatra/base.rb:1112:in `invoke'
	/usr/local/bundle/gems/sinatra-2.2.2/lib/sinatra/base.rb:949:in `call!'
	/usr/local/bundle/gems/sinatra-2.2.2/lib/sinatra/base.rb:938:in `call'
	/usr/local/bundle/gems/rack-protection-2.2.2/lib/rack/protection/xss_header.rb:18:in `call'
	/usr/local/bundle/gems/rack-protection-2.2.2/lib/rack/protection/path_traversal.rb:16:in `call'
	/usr/local/bundle/gems/rack-protection-2.2.2/lib/rack/protection/json_csrf.rb:26:in `call'
	/usr/local/bundle/gems/rack-protection-2.2.2/lib/rack/protection/base.rb:50:in `call'
	/usr/local/bundle/gems/rack-protection-2.2.2/lib/rack/protection/base.rb:50:in `call'
	/usr/local/bundle/gems/rack-protection-2.2.2/lib/rack/protection/frame_options.rb:31:in `call'
	/usr/local/bundle/gems/rack-2.2.4/lib/rack/logger.rb:17:in `call'
	/usr/local/bundle/gems/rack-2.2.4/lib/rack/common_logger.rb:38:in `call'
	/usr/local/bundle/gems/sinatra-2.2.2/lib/sinatra/base.rb:255:in `call'
	/usr/local/bundle/gems/sinatra-2.2.2/lib/sinatra/base.rb:248:in `call'
	/usr/local/bundle/gems/rack-2.2.4/lib/rack/head.rb:12:in `call'
	/usr/local/bundle/gems/rack-2.2.4/lib/rack/method_override.rb:24:in `call'
	/usr/local/bundle/gems/sinatra-2.2.2/lib/sinatra/show_exceptions.rb:22:in `call'
	/usr/local/bundle/gems/sinatra-2.2.2/lib/sinatra/base.rb:218:in `call'
	/usr/local/bundle/gems/sinatra-2.2.2/lib/sinatra/base.rb:1993:in `call'
	/usr/local/bundle/gems/sinatra-2.2.2/lib/sinatra/base.rb:1553:in `block in call'
	/usr/local/bundle/gems/sinatra-2.2.2/lib/sinatra/base.rb:1769:in `synchronize'
	/usr/local/bundle/gems/sinatra-2.2.2/lib/sinatra/base.rb:1553:in `call'
	/usr/local/bundle/gems/thin-1.8.1/lib/thin/connection.rb:86:in `block in pre_process'
	/usr/local/bundle/gems/thin-1.8.1/lib/thin/connection.rb:84:in `catch'
	/usr/local/bundle/gems/thin-1.8.1/lib/thin/connection.rb:84:in `pre_process'
	/usr/local/bundle/gems/thin-1.8.1/lib/thin/connection.rb:50:in `block in process'
	/usr/local/bundle/gems/eventmachine-1.2.7/lib/eventmachine.rb:1077:in `block in spawn_threadpool'
49.229.120.128 - - [23/Aug/2022:05:55:35 +0000] "GET /report?file=8001-65-1-%E0%B8%99%E0%B8%84%E0%B8%A3%E0%B8%A8%E0%B8%A3%E0%B8%B5%E0%B8%98%E0%B8%A3%E0%B8%A3%E0%B8%A1%E0%B8%A3%E0%B8%B2%E0%B8%8A-65-%E0%B8%A3%E0%B8%B8%E0%B9%88%E0%B8%991-nst.xlsx HTTP/1.1" 200 10711 0.1774
49.229.120.128 - - [23/Aug/2022:05:55:35 +0000] "GET /favicon.ico HTTP/1.1" 404 477 0.0012
49.229.120.128 - - [23/Aug/2022:05:55:46 +0000] "GET /upload HTTP/1.1" 200 1782 0.0015
49.229.120.128 - - [23/Aug/2022:05:55:48 +0000] "GET /report?file=8602-65-01-%E0%B8%8A%E0%B8%B8%E0%B8%A1%E0%B8%9E%E0%B8%A3-%E0%B8%AA%E0%B8%B2%E0%B8%82%E0%B8%B2%E0%B8%AB%E0%B8%A5%E0%B8%B1%E0%B8%87%E0%B8%AA%E0%B8%A7%E0%B8%99-65-%E0%B8%A3%E0%B8%B8%E0%B9%88%E0%B8%991-cpn.lsn.1.xlsx HTTP/1.1" 200 10009 0.0699
49.229.120.128 - - [23/Aug/2022:05:55:57 +0000] "GET /report?file=9400-65-02-%E0%B8%9B%E0%B8%B1%E0%B8%95%E0%B8%95%E0%B8%B2%E0%B8%99%E0%B8%B5-65-%E0%B8%A3%E0%B8%B8%E0%B9%88%E0%B8%992-ptn.2.xlsx HTTP/1.1" 200 6707 0.0653
